#
# A fatal error has been detected by the Java Runtime Environment:
#
#  SIGSEGV (0xb) at pc=0x000000010d4a2298, pid=16181, tid=19971
#
# JRE version: 7.0_21-b12
# Java VM: Java HotSpot(TM) 64-Bit Server VM (23.21-b01 mixed mode bsd-amd64 compressed oops)
# Problematic frame:
# V  [libjvm.dylib+0x2cc298]
#
# Failed to write core dump. Core dumps have been disabled. To enable core dumping, try "ulimit -c unlimited" before starting Java again
#
# If you would like to submit a bug report, please visit:
#   http://bugreport.sun.com/bugreport/crash.jsp
#

---------------  T H R E A D  ---------------

Current thread (0x00007f876a03d800):  JavaThread "JDWP Transport Listener: dt_socket" daemon [_thread_in_vm, id=19971, stack(0x0000000164485000,0x0000000164585000)]

siginfo:si_signo=SIGSEGV: si_errno=0, si_code=0 (SEGV0), si_addr=0x0000000000000000

Registers:
RAX=0x0000000000000001, RBX=0x0000000164584aeb, RCX=0x00000000000fc080, RDX=0x0000000164584aeb
RSP=0x0000000164584a50, RBP=0x0000000164584aa0, RSI=0x00007f876a03d800, RDI=0x00007f8769b016b0
R8 =0x0000000000000000, R9 =0x000000009f7fa076, R10=0x00007f8769a19820, R11=0x00000000f821184d
R12=0x00007f876a03d800, R13=0x3b69705374736567, R14=0x3b69705374736567, R15=0x00007f8769b016b0
RIP=0x000000010d4a2298, EFLAGS=0x0000000000010202, ERR=0x0000000000000000
  TRAPNO=0x000000000000000d

Top of Stack: (sp=0x0000000164584a50)
0x0000000164584a50:   00007f876a03d800 0000000000000000
0x0000000164584a60:   0000000000000000 0000000000000000
0x0000000164584a70:   00007f876a03d800 00007f876a03d800
0x0000000164584a80:   0000000164584aeb 0000000164584af0
0x0000000164584a90:   3b69705374736567 0000000000000003
0x0000000164584aa0:   0000000164584ac0 000000010dde0280
0x0000000164584ab0:   0000000000000001 0000000164584b68
0x0000000164584ac0:   0000000164584b30 000000010ddc515b
0x0000000164584ad0:   0000000164584b00 00007f8769a1af70
0x0000000164584ae0:   0000000400000032 0000000800584b68
0x0000000164584af0:   0000000000000000 0000000000000000
0x0000000164584b00:   0000000000000000 0000000164584cf0
0x0000000164584b10:   000000010dde7da4 00007f8768c28d50
0x0000000164584b20:   0000000164584b68 000000010ddf3568
0x0000000164584b30:   0000000164584b40 000000010ddc5254
0x0000000164584b40:   0000000164584d60 000000010ddce75e
0x0000000164584b50:   0001efb400000013 00000000000f0200
0x0000000164584b60:   00007f8768c293f0 0000000164584c3c
0x0000000164584b70:   00007f87000000a8 0000000164584b80
0x0000000164584b80:   00007f8700000084 0000000164584bb8
0x0000000164584b90:   0000000000000000 00007f0000000000
0x0000000164584ba0:   0001efb40000001c 00007fff0000e180
0x0000000164584bb0:   0000000164584bb8 877f000004000000
0x0000000164584bc0:   0400000008448269 160000006e69616d
0x0000000164584bd0:   2f6176616a4c5b28 7274532f676e616c
0x0000000164584be0:   000056293b676e69 0000090000000000
0x0000000164584bf0:   00006853c268877f 6572706d6f630d00
0x0000000164584c00:   006b636f6c427373 5b29425b28060000
0x0000000164584c10:   0000000000000042 448269877f00000a
0x0000000164584c20:   6c633c0800000000 0000003e74696e69
0x0000000164584c30:   0000000056292803 0000000008000000
0x0000000164584c40:   0200000044000000 0000000000000000 

Instructions: (pc=0x000000010d4a2298)
0x000000010d4a2278:   00 00 00 41 f6 87 68 01 00 00 10 75 07 b8 63 00
0x000000010d4a2288:   00 00 eb 7a 4d 85 f6 75 07 b8 17 00 00 00 eb 6e
0x000000010d4a2298:   4d 8b 36 48 b8 fe fe fe fe fe fe fe fe 49 39 c6
0x000000010d4a22a8:   74 e7 4d 85 f6 74 e2 48 8d 05 ba 37 46 00 80 38 

Register to memory mapping:

RAX=0x0000000000000001 is an unknown value
RBX=0x0000000164584aeb is pointing into the stack for thread: 0x00007f876a03d800
RCX=0x00000000000fc080 is an unknown value
RDX=0x0000000164584aeb is pointing into the stack for thread: 0x00007f876a03d800
RSP=0x0000000164584a50 is pointing into the stack for thread: 0x00007f876a03d800
RBP=0x0000000164584aa0 is pointing into the stack for thread: 0x00007f876a03d800
RSI=0x00007f876a03d800 is a thread
RDI=0x00007f8769b016b0 is an unknown value
R8 =0x0000000000000000 is an unknown value
R9 =0x000000009f7fa076 is an unknown value
R10=0x00007f8769a19820 is an unknown value
R11=0x00000000f821184d is an unknown value
R12=0x00007f876a03d800 is a thread
R13=0x3b69705374736567 is an unknown value
R14=0x3b69705374736567 is an unknown value
R15=0x00007f8769b016b0 is an unknown value


Stack: [0x0000000164485000,0x0000000164585000],  sp=0x0000000164584a50,  free space=1022k
Native frames: (J=compiled Java code, j=interpreted, Vv=VM code, C=native code)
V  [libjvm.dylib+0x2cc298]
C  [libjdwp.dylib+0x20280]  isMethodSynthetic+0x63
C  [libjdwp.dylib+0x515b]  methods1+0x10b
C  [libjdwp.dylib+0x5254]  methodsWithGeneric+0xe
C  [libjdwp.dylib+0xe75e]  debugLoop_run+0x1ce
C  [libjdwp.dylib+0x1f1ba]  attachThread+0x4d
V  [libjvm.dylib+0x30bc02]
V  [libjvm.dylib+0x479af4]
V  [libjvm.dylib+0x47afda]
V  [libjvm.dylib+0x3b688d]
C  [libsystem_c.dylib+0x147a2]  _pthread_start+0x147
C  [libsystem_c.dylib+0x11e1]  thread_start+0xd


---------------  P R O C E S S  ---------------

Java Threads: ( => current thread )
  0x00007f876a839000 JavaThread "Service Thread" daemon [_thread_blocked, id=21251, stack(0x0000000164994000,0x0000000164a94000)]
  0x00007f876a838000 JavaThread "C2 CompilerThread1" daemon [_thread_blocked, id=20995, stack(0x0000000164891000,0x0000000164991000)]
  0x00007f876a837800 JavaThread "C2 CompilerThread0" daemon [_thread_blocked, id=20739, stack(0x000000016478e000,0x000000016488e000)]
  0x00007f876a835800 JavaThread "JDWP Command Reader" daemon [_thread_in_native, id=20483, stack(0x000000016468b000,0x000000016478b000)]
  0x00007f876a834800 JavaThread "JDWP Event Helper Thread" daemon [_thread_blocked, id=20227, stack(0x0000000164588000,0x0000000164688000)]
=>0x00007f876a03d800 JavaThread "JDWP Transport Listener: dt_socket" daemon [_thread_in_vm, id=19971, stack(0x0000000164485000,0x0000000164585000)]
  0x00007f876a832000 JavaThread "Signal Dispatcher" daemon [_thread_blocked, id=19715, stack(0x0000000164382000,0x0000000164482000)]
  0x00007f876900f800 JavaThread "Finalizer" daemon [_thread_blocked, id=15107, stack(0x00000001640b0000,0x00000001641b0000)]
  0x00007f876900e800 JavaThread "Reference Handler" daemon [_thread_blocked, id=14851, stack(0x0000000163fad000,0x00000001640ad000)]
  0x00007f876a801000 JavaThread "main" [_thread_blocked, id=5891, stack(0x000000010dc80000,0x000000010dd80000)]

Other Threads:
  0x00007f876a027000 VMThread [stack: 0x0000000163eaa000,0x0000000163faa000] [id=14595]
  0x00007f876a841800 WatcherThread [stack: 0x0000000164a97000,0x0000000164b97000] [id=21507]

VM state:not at safepoint (normal execution)

VM Mutex/Monitor currently owned by a thread: None

Heap
 PSYoungGen      total 21824K, used 2256K [0x0000000146d70000, 0x00000001485c0000, 0x000000015f370000)
  eden space 18752K, 12% used [0x0000000146d70000,0x0000000146fa40d0,0x0000000147fc0000)
  from space 3072K, 0% used [0x00000001482c0000,0x00000001482c0000,0x00000001485c0000)
  to   space 3072K, 0% used [0x0000000147fc0000,0x0000000147fc0000,0x00000001482c0000)
 ParOldGen       total 49920K, used 0K [0x0000000116170000, 0x0000000119230000, 0x0000000146d70000)
  object space 49920K, 0% used [0x0000000116170000,0x0000000116170000,0x0000000119230000)
 PSPermGen       total 21248K, used 3256K [0x0000000110f70000, 0x0000000112430000, 0x0000000116170000)
  object space 21248K, 15% used [0x0000000110f70000,0x000000011129e1e0,0x0000000112430000)

Card table byte_map: [0x000000015f370000,0x000000015f5e3000] byte_map_base: 0x000000015eae8480

Polling page: 0x000000010ddbf000

Code Cache  [0x000000010de96000, 0x000000010e106000, 0x0000000110e96000)
 total_blobs=189 nmethods=8 adapters=142 free_code_cache=48755Kb largest_free_block=49910080

Compilation events (10 events):
Event: 5.379 Thread 0x00007f876a837800    4             java.lang.String::charAt (29 bytes)
Event: 5.379 Thread 0x00007f876a838000    5             java.lang.String::indexOf (166 bytes)
Event: 5.380 Thread 0x00007f876a837800 nmethod 4 0x000000010def61d0 code [0x000000010def6320, 0x000000010def6418]
Event: 5.387 Thread 0x00007f876a837800    6             java.lang.String::lastIndexOf (52 bytes)
Event: 5.390 Thread 0x00007f876a838000 nmethod 5 0x000000010def73d0 code [0x000000010def7520, 0x000000010def7a58]
Event: 5.391 Thread 0x00007f876a837800 nmethod 6 0x000000010def6f90 code [0x000000010def70e0, 0x000000010def72a8]
Event: 5.398 Thread 0x00007f876a838000    7             java.util.Properties$LineReader::readLine (452 bytes)
Event: 5.412 Thread 0x00007f876a837800    8             java.io.UnixFileSystem::normalize (75 bytes)
Event: 5.414 Thread 0x00007f876a838000 nmethod 7 0x000000010def8750 code [0x000000010def8900, 0x000000010def9278]
Event: 5.418 Thread 0x00007f876a837800 nmethod 8 0x000000010def9950 code [0x000000010def9ac0, 0x000000010def9d98]

GC Heap History (0 events):
No events

Deoptimization events (0 events):
No events

Internal exceptions (10 events):
Event: 5.379 Thread 0x00007f876a801000 Threw 0x0000000146eb9ec8 at /HUDSON/workspace/jdk7u21-2-build-macosx-amd64-product/jdk7u21/hotspot/src/share/vm/prims/jvm.cpp:1166
Event: 5.380 Thread 0x00007f876a801000 Threw 0x0000000146ebf008 at /HUDSON/workspace/jdk7u21-2-build-macosx-amd64-product/jdk7u21/hotspot/src/share/vm/prims/jvm.cpp:1166
Event: 5.382 Thread 0x00007f876a801000 Threw 0x0000000146ec7208 at /HUDSON/workspace/jdk7u21-2-build-macosx-amd64-product/jdk7u21/hotspot/src/share/vm/prims/jvm.cpp:1166
Event: 5.384 Thread 0x00007f876a801000 Threw 0x0000000146ecc538 at /HUDSON/workspace/jdk7u21-2-build-macosx-amd64-product/jdk7u21/hotspot/src/share/vm/prims/jvm.cpp:1166
Event: 5.385 Thread 0x00007f876a801000 Threw 0x0000000146ed1120 at /HUDSON/workspace/jdk7u21-2-build-macosx-amd64-product/jdk7u21/hotspot/src/share/vm/prims/jvm.cpp:1166
Event: 5.388 Thread 0x00007f876a801000 Threw 0x0000000146ee9460 at /HUDSON/workspace/jdk7u21-2-build-macosx-amd64-product/jdk7u21/hotspot/src/share/vm/prims/jvm.cpp:1166
Event: 5.388 Thread 0x00007f876a801000 Threw 0x0000000146ee9588 at /HUDSON/workspace/jdk7u21-2-build-macosx-amd64-product/jdk7u21/hotspot/src/share/vm/prims/jvm.cpp:1166
Event: 5.390 Thread 0x00007f876a801000 Threw 0x0000000146ef4420 at /HUDSON/workspace/jdk7u21-2-build-macosx-amd64-product/jdk7u21/hotspot/src/share/vm/prims/jvm.cpp:1166
Event: 5.390 Thread 0x00007f876a801000 Threw 0x0000000146ef4548 at /HUDSON/workspace/jdk7u21-2-build-macosx-amd64-product/jdk7u21/hotspot/src/share/vm/prims/jvm.cpp:1166
Event: 5.412 Thread 0x00007f876a801000 Threw 0x0000000146f25b88 at /HUDSON/workspace/jdk7u21-2-build-macosx-amd64-product/jdk7u21/hotspot/src/share/vm/prims/jvm.cpp:1166

Events (10 events):
Event: 84.627 Executing VM operation: GetOrSetLocal
Event: 84.627 Executing VM operation: GetOrSetLocal done
Event: 84.627 Executing VM operation: GetOrSetLocal
Event: 84.627 Executing VM operation: GetOrSetLocal done
Event: 84.645 Executing VM operation: GetOrSetLocal
Event: 84.645 Executing VM operation: GetOrSetLocal done
Event: 84.646 Executing VM operation: GetOrSetLocal
Event: 84.646 Executing VM operation: GetOrSetLocal done
Event: 133.085 Executing VM operation: RedefineClasses
Event: 133.085 Executing VM operation: RedefineClasses done


Dynamic libraries:
0x0000000001687000 	/System/Library/Frameworks/Cocoa.framework/Versions/A/Cocoa
0x0000000001687000 	/System/Library/Frameworks/Security.framework/Versions/A/Security
0x0000000001687000 	/System/Library/Frameworks/ApplicationServices.framework/Versions/A/ApplicationServices
0x0000000001687000 	/usr/lib/libz.1.dylib
0x0000000001687000 	/usr/lib/libSystem.B.dylib
0x0000000001687000 	/usr/lib/libobjc.A.dylib
0x0000000001687000 	/System/Library/Frameworks/CoreFoundation.framework/Versions/A/CoreFoundation
0x0000000001687000 	/System/Library/Frameworks/AppKit.framework/Versions/C/AppKit
0x0000000001687000 	/System/Library/Frameworks/CoreData.framework/Versions/A/CoreData
0x0000000001687000 	/System/Library/Frameworks/Foundation.framework/Versions/C/Foundation
0x0000000001687000 	/System/Library/PrivateFrameworks/RemoteViewServices.framework/Versions/A/RemoteViewServices
0x0000000001687000 	/System/Library/Frameworks/AudioToolbox.framework/Versions/A/AudioToolbox
0x0000000001687000 	/System/Library/Frameworks/AudioUnit.framework/Versions/A/AudioUnit
0x0000000001687000 	/System/Library/PrivateFrameworks/DataDetectorsCore.framework/Versions/A/DataDetectorsCore
0x0000000001687000 	/System/Library/PrivateFrameworks/DesktopServicesPriv.framework/Versions/A/DesktopServicesPriv
0x0000000001687000 	/System/Library/Frameworks/Carbon.framework/Versions/A/Frameworks/HIToolbox.framework/Versions/A/HIToolbox
0x0000000001687000 	/System/Library/Frameworks/QuartzCore.framework/Versions/A/QuartzCore
0x0000000001687000 	/System/Library/Frameworks/Carbon.framework/Versions/A/Frameworks/SpeechRecognition.framework/Versions/A/SpeechRecognition
0x0000000001687000 	/usr/lib/libauto.dylib
0x0000000001687000 	/usr/lib/libicucore.A.dylib
0x0000000001687000 	/usr/lib/libxml2.2.dylib
0x0000000001687000 	/System/Library/PrivateFrameworks/CoreUI.framework/Versions/A/CoreUI
0x0000000001687000 	/System/Library/Frameworks/CoreAudio.framework/Versions/A/CoreAudio
0x0000000001687000 	/System/Library/Frameworks/DiskArbitration.framework/Versions/A/DiskArbitration
0x0000000001687000 	/usr/lib/liblangid.dylib
0x0000000001687000 	/System/Library/PrivateFrameworks/MultitouchSupport.framework/Versions/A/MultitouchSupport
0x0000000001687000 	/System/Library/Frameworks/IOKit.framework/Versions/A/IOKit
0x0000000001687000 	/usr/lib/libDiagnosticMessagesClient.dylib
0x0000000001687000 	/System/Library/Frameworks/CoreServices.framework/Versions/A/CoreServices
0x0000000001687000 	/System/Library/PrivateFrameworks/PerformanceAnalysis.framework/Versions/A/PerformanceAnalysis
0x0000000001687000 	/System/Library/PrivateFrameworks/GenerationalStorage.framework/Versions/A/GenerationalStorage
0x0000000001687000 	/System/Library/Frameworks/OpenGL.framework/Versions/A/OpenGL
0x0000000001687000 	/System/Library/Frameworks/CoreText.framework/Versions/A/CoreText
0x0000000001687000 	/System/Library/Frameworks/ImageIO.framework/Versions/A/ImageIO
0x0000000001687000 	/System/Library/PrivateFrameworks/Backup.framework/Versions/A/Backup
0x0000000001687000 	/System/Library/Frameworks/CFNetwork.framework/Versions/A/CFNetwork
0x0000000001687000 	/System/Library/Frameworks/SystemConfiguration.framework/Versions/A/SystemConfiguration
0x0000000001687000 	/usr/lib/libCRFSuite.dylib
0x0000000001687000 	/System/Library/PrivateFrameworks/TCC.framework/Versions/A/TCC
0x0000000001687000 	/usr/lib/libc++.1.dylib
0x0000000001687000 	/usr/lib/libc++abi.dylib
0x0000000001687000 	/usr/lib/system/libcache.dylib
0x0000000001687000 	/usr/lib/system/libcommonCrypto.dylib
0x0000000001687000 	/usr/lib/system/libcompiler_rt.dylib
0x0000000001687000 	/usr/lib/system/libcopyfile.dylib
0x0000000001687000 	/usr/lib/system/libdispatch.dylib
0x0000000001687000 	/usr/lib/system/libdnsinfo.dylib
0x0000000001687000 	/usr/lib/system/libdyld.dylib
0x0000000001687000 	/usr/lib/system/libkeymgr.dylib
0x0000000001687000 	/usr/lib/system/liblaunch.dylib
0x0000000001687000 	/usr/lib/system/libmacho.dylib
0x0000000001687000 	/usr/lib/system/libquarantine.dylib
0x0000000001687000 	/usr/lib/system/libremovefile.dylib
0x0000000001687000 	/usr/lib/system/libsystem_blocks.dylib
0x0000000001687000 	/usr/lib/system/libsystem_c.dylib
0x0000000001687000 	/usr/lib/system/libsystem_dnssd.dylib
0x0000000001687000 	/usr/lib/system/libsystem_info.dylib
0x0000000001687000 	/usr/lib/system/libsystem_kernel.dylib
0x0000000001687000 	/usr/lib/system/libsystem_m.dylib
0x0000000001687000 	/usr/lib/system/libsystem_network.dylib
0x0000000001687000 	/usr/lib/system/libsystem_notify.dylib
0x0000000001687000 	/usr/lib/system/libsystem_sandbox.dylib
0x0000000001687000 	/usr/lib/system/libunc.dylib
0x0000000001687000 	/usr/lib/system/libunwind.dylib
0x0000000001687000 	/usr/lib/system/libxpc.dylib
0x0000000001687000 	/usr/lib/system/libcorecrypto.dylib
0x0000000001687000 	/usr/lib/libstdc++.6.dylib
0x0000000001687000 	/usr/lib/libbsm.0.dylib
0x0000000001687000 	/usr/lib/libsqlite3.dylib
0x0000000001687000 	/usr/lib/libxar.1.dylib
0x0000000001687000 	/usr/lib/libpam.2.dylib
0x0000000001687000 	/usr/lib/libOpenScriptingUtil.dylib
0x0000000001687000 	/usr/lib/libbz2.1.0.dylib
0x0000000001687000 	/System/Library/Frameworks/CoreServices.framework/Versions/A/Frameworks/CarbonCore.framework/Versions/A/CarbonCore
0x0000000001687000 	/System/Library/Frameworks/CoreServices.framework/Versions/A/Frameworks/Metadata.framework/Versions/A/Metadata
0x0000000001687000 	/System/Library/Frameworks/CoreServices.framework/Versions/A/Frameworks/OSServices.framework/Versions/A/OSServices
0x0000000001687000 	/System/Library/Frameworks/CoreServices.framework/Versions/A/Frameworks/SearchKit.framework/Versions/A/SearchKit
0x0000000001687000 	/System/Library/Frameworks/CoreServices.framework/Versions/A/Frameworks/AE.framework/Versions/A/AE
0x0000000001687000 	/System/Library/Frameworks/CoreServices.framework/Versions/A/Frameworks/LaunchServices.framework/Versions/A/LaunchServices
0x0000000001687000 	/System/Library/Frameworks/CoreServices.framework/Versions/A/Frameworks/DictionaryServices.framework/Versions/A/DictionaryServices
0x0000000001687000 	/System/Library/Frameworks/NetFS.framework/Versions/A/NetFS
0x0000000001687000 	/usr/lib/system/libkxld.dylib
0x0000000001687000 	/System/Library/PrivateFrameworks/NetAuth.framework/Versions/A/NetAuth
0x0000000001687000 	/System/Library/Frameworks/OpenDirectory.framework/Versions/A/Frameworks/CFOpenDirectory.framework/Versions/A/CFOpenDirectory
0x0000000001687000 	/usr/lib/libxslt.1.dylib
0x0000000001687000 	/System/Library/PrivateFrameworks/FamilyControls.framework/Versions/A/FamilyControls
0x0000000001687000 	/System/Library/Frameworks/Carbon.framework/Versions/A/Frameworks/Ink.framework/Versions/A/Ink
0x0000000001687000 	/System/Library/Frameworks/ApplicationServices.framework/Versions/A/Frameworks/CoreGraphics.framework/Versions/A/CoreGraphics
0x0000000001687000 	/System/Library/Frameworks/ApplicationServices.framework/Versions/A/Frameworks/ATS.framework/Versions/A/ATS
0x0000000001687000 	/System/Library/Frameworks/ApplicationServices.framework/Versions/A/Frameworks/ColorSync.framework/Versions/A/ColorSync
0x0000000001687000 	/System/Library/Frameworks/ApplicationServices.framework/Versions/A/Frameworks/HIServices.framework/Versions/A/HIServices
0x0000000001687000 	/System/Library/Frameworks/ApplicationServices.framework/Versions/A/Frameworks/LangAnalysis.framework/Versions/A/LangAnalysis
0x0000000001687000 	/System/Library/Frameworks/ApplicationServices.framework/Versions/A/Frameworks/PrintCore.framework/Versions/A/PrintCore
0x0000000001687000 	/System/Library/Frameworks/ApplicationServices.framework/Versions/A/Frameworks/QD.framework/Versions/A/QD
0x0000000001687000 	/System/Library/Frameworks/ApplicationServices.framework/Versions/A/Frameworks/SpeechSynthesis.framework/Versions/A/SpeechSynthesis
0x0000000001687000 	/System/Library/Frameworks/IOSurface.framework/Versions/A/IOSurface
0x0000000001687000 	/System/Library/Frameworks/Accelerate.framework/Versions/A/Accelerate
0x0000000001687000 	/System/Library/Frameworks/ApplicationServices.framework/Versions/A/Frameworks/ATS.framework/Versions/A/Resources/libFontParser.dylib
0x0000000001687000 	/System/Library/Frameworks/ApplicationServices.framework/Versions/A/Frameworks/ATS.framework/Versions/A/Resources/libFontRegistry.dylib
0x0000000001687000 	/System/Library/Frameworks/Accelerate.framework/Versions/A/Frameworks/vImage.framework/Versions/A/vImage
0x0000000001687000 	/System/Library/Frameworks/Accelerate.framework/Versions/A/Frameworks/vecLib.framework/Versions/A/vecLib
0x0000000001687000 	/System/Library/Frameworks/Accelerate.framework/Versions/A/Frameworks/vecLib.framework/Versions/A/libvDSP.dylib
0x0000000001687000 	/System/Library/Frameworks/Accelerate.framework/Versions/A/Frameworks/vecLib.framework/Versions/A/libvMisc.dylib
0x0000000001687000 	/System/Library/Frameworks/Accelerate.framework/Versions/A/Frameworks/vecLib.framework/Versions/A/libLAPACK.dylib
0x0000000001687000 	/System/Library/Frameworks/Accelerate.framework/Versions/A/Frameworks/vecLib.framework/Versions/A/libBLAS.dylib
0x0000000001687000 	/System/Library/Frameworks/ImageIO.framework/Versions/A/Resources/libJPEG.dylib
0x0000000001687000 	/System/Library/Frameworks/ImageIO.framework/Versions/A/Resources/libTIFF.dylib
0x0000000001687000 	/System/Library/Frameworks/ImageIO.framework/Versions/A/Resources/libPng.dylib
0x0000000001687000 	/System/Library/Frameworks/ImageIO.framework/Versions/A/Resources/libGIF.dylib
0x0000000001687000 	/System/Library/Frameworks/ImageIO.framework/Versions/A/Resources/libJP2.dylib
0x0000000001687000 	/System/Library/Frameworks/ImageIO.framework/Versions/A/Resources/libRadiance.dylib
0x0000000001687000 	/usr/lib/libcups.2.dylib
0x0000000001687000 	/System/Library/Frameworks/Kerberos.framework/Versions/A/Kerberos
0x0000000001687000 	/System/Library/Frameworks/GSS.framework/Versions/A/GSS
0x0000000001687000 	/usr/lib/libresolv.9.dylib
0x0000000001687000 	/usr/lib/libiconv.2.dylib
0x0000000001687000 	/System/Library/PrivateFrameworks/Heimdal.framework/Versions/A/Heimdal
0x0000000001687000 	/System/Library/PrivateFrameworks/TrustEvaluationAgent.framework/Versions/A/TrustEvaluationAgent
0x0000000001687000 	/System/Library/Frameworks/OpenDirectory.framework/Versions/A/OpenDirectory
0x0000000001687000 	/System/Library/PrivateFrameworks/CommonAuth.framework/Versions/A/CommonAuth
0x0000000001687000 	/System/Library/PrivateFrameworks/Bom.framework/Versions/A/Bom
0x0000000001687000 	/System/Library/Frameworks/CoreVideo.framework/Versions/A/CoreVideo
0x0000000001687000 	/System/Library/Frameworks/QuartzCore.framework/Versions/A/Frameworks/CoreImage.framework/Versions/A/CoreImage
0x0000000001687000 	/System/Library/Frameworks/QuartzCore.framework/Versions/A/Frameworks/ScalableUserInterface.framework/Versions/A/ScalableUserInterface
0x0000000001687000 	/System/Library/Frameworks/OpenGL.framework/Versions/A/Libraries/libGLU.dylib
0x0000000001687000 	/System/Library/Frameworks/OpenGL.framework/Versions/A/Libraries/libGFXShared.dylib
0x0000000001687000 	/System/Library/Frameworks/OpenGL.framework/Versions/A/Libraries/libGL.dylib
0x0000000001687000 	/System/Library/Frameworks/OpenGL.framework/Versions/A/Libraries/libGLImage.dylib
0x0000000001687000 	/System/Library/Frameworks/OpenGL.framework/Versions/A/Libraries/libCVMSPluginSupport.dylib
0x0000000001687000 	/System/Library/Frameworks/OpenGL.framework/Versions/A/Libraries/libCoreVMClient.dylib
0x0000000001687000 	/System/Library/PrivateFrameworks/CrashReporterSupport.framework/Versions/A/CrashReporterSupport
0x0000000001687000 	/System/Library/Frameworks/OpenCL.framework/Versions/A/OpenCL
0x0000000001687000 	/System/Library/PrivateFrameworks/FaceCoreLight.framework/Versions/A/FaceCoreLight
0x0000000001687000 	/System/Library/PrivateFrameworks/AppleFSCompression.framework/Versions/A/AppleFSCompression
0x0000000001687000 	/System/Library/PrivateFrameworks/Ubiquity.framework/Versions/A/Ubiquity
0x0000000001687000 	/System/Library/Frameworks/ServiceManagement.framework/Versions/A/ServiceManagement
0x0000000001687000 	/System/Library/PrivateFrameworks/ChunkingLibrary.framework/Versions/A/ChunkingLibrary
0x0000000001687000 	/System/Library/Frameworks/vecLib.framework/Versions/A/vecLib
0x0000000001687000 	/System/Library/Frameworks/SecurityFoundation.framework/Versions/A/SecurityFoundation
0x0000000001687000 	/System/Library/PrivateFrameworks/CommerceKit.framework/Versions/A/Frameworks/CommerceCore.framework/Versions/A/CommerceCore
0x0000000001687000 	/System/Library/PrivateFrameworks/CoreSymbolication.framework/Versions/A/CoreSymbolication
0x0000000001687000 	/System/Library/PrivateFrameworks/Symbolication.framework/Versions/A/Symbolication
0x0000000001687000 	/System/Library/PrivateFrameworks/DebugSymbols.framework/Versions/A/DebugSymbols
0x000000010d1d6000 	/Library/Java/JavaVirtualMachines/jdk1.7.0_21.jdk/Contents/Home/jre/lib/server/libjvm.dylib
0x000000010dd82000 	/Library/Java/JavaVirtualMachines/jdk1.7.0_21.jdk/Contents/Home/jre/lib/libverify.dylib
0x000000010dd8f000 	/Library/Java/JavaVirtualMachines/jdk1.7.0_21.jdk/Contents/Home/jre/lib/libjava.dylib
0x000000010ddc0000 	/Library/Java/JavaVirtualMachines/jdk1.7.0_21.jdk/Contents/Home/jre/lib/libjdwp.dylib
0x000000010ddfd000 	/Library/Java/JavaVirtualMachines/jdk1.7.0_21.jdk/Contents/Home/jre/lib/./libnpt.dylib
0x000000010de8d000 	/Library/Java/JavaVirtualMachines/jdk1.7.0_21.jdk/Contents/Home/jre/lib/libzip.dylib
0x00000001641b2000 	/System/Library/Frameworks/JavaVM.framework/Frameworks/JavaRuntimeSupport.framework/JavaRuntimeSupport
0x00000001641ca000 	/System/Library/Frameworks/JavaVM.framework/Versions/A/Frameworks/JavaNativeFoundation.framework/Versions/A/JavaNativeFoundation
0x00000001641df000 	/System/Library/Frameworks/JavaVM.framework/Versions/A/JavaVM
0x0000000001687000 	/System/Library/Frameworks/Carbon.framework/Versions/A/Carbon
0x00000001641ec000 	/System/Library/PrivateFrameworks/JavaLaunching.framework/Versions/A/JavaLaunching
0x0000000001687000 	/System/Library/Frameworks/Carbon.framework/Versions/A/Frameworks/CommonPanels.framework/Versions/A/CommonPanels
0x0000000001687000 	/System/Library/Frameworks/Carbon.framework/Versions/A/Frameworks/Help.framework/Versions/A/Help
0x0000000001687000 	/System/Library/Frameworks/Carbon.framework/Versions/A/Frameworks/ImageCapture.framework/Versions/A/ImageCapture
0x0000000001687000 	/System/Library/Frameworks/Carbon.framework/Versions/A/Frameworks/OpenScripting.framework/Versions/A/OpenScripting
0x0000000001687000 	/System/Library/Frameworks/Carbon.framework/Versions/A/Frameworks/Print.framework/Versions/A/Print
0x0000000001687000 	/System/Library/Frameworks/Carbon.framework/Versions/A/Frameworks/SecurityHI.framework/Versions/A/SecurityHI
0x0000000110f59000 	/Library/Java/JavaVirtualMachines/jdk1.7.0_21.jdk/Contents/Home/jre/lib/libdt_socket.dylib
0x00000001641fd000 	/private/var/folders/lt/jxm5q4456p9d88qchxk1k3kh0000gq/T/liblz4-java5541446544277901745.dylib

VM Arguments:
jvm_args: -agentlib:jdwp=transport=dt_socket,suspend=y,address=localhost:58135 -Dfile.encoding=UTF-8 
java_command: net.imagini.aim.LZ4Buffer
Launcher Type: SUN_STANDARD

Environment Variables:
PATH=/usr/bin:/bin:/usr/sbin:/sbin
SHELL=/bin/bash
DISPLAY=/tmp/launch-LoDhyz/org.macosforge.xquartz:0

Signal Handlers:
SIGSEGV: [libjvm.dylib+0x4a4e2d], sa_mask[0]=0xfffefeff, sa_flags=0x00000042
SIGBUS: [libjvm.dylib+0x4a4e2d], sa_mask[0]=0xfffefeff, sa_flags=0x00000042
SIGFPE: [libjvm.dylib+0x3b4729], sa_mask[0]=0xfffefeff, sa_flags=0x00000042
SIGPIPE: [libjvm.dylib+0x3b4729], sa_mask[0]=0xfffefeff, sa_flags=0x00000042
SIGXFSZ: [libjvm.dylib+0x3b4729], sa_mask[0]=0xfffefeff, sa_flags=0x00000042
SIGILL: [libjvm.dylib+0x3b4729], sa_mask[0]=0xfffefeff, sa_flags=0x00000042
SIGUSR1: SIG_DFL, sa_mask[0]=0x00000000, sa_flags=0x00000002
SIGUSR2: [libjvm.dylib+0x3b42c2], sa_mask[0]=0x00000004, sa_flags=0x00000042
SIGHUP: [libjvm.dylib+0x3b2523], sa_mask[0]=0xfffefeff, sa_flags=0x00000042
SIGINT: [libjvm.dylib+0x3b2523], sa_mask[0]=0xfffefeff, sa_flags=0x00000042
SIGTERM: [libjvm.dylib+0x3b2523], sa_mask[0]=0xfffefeff, sa_flags=0x00000042
SIGQUIT: [libjvm.dylib+0x3b2523], sa_mask[0]=0xfffefeff, sa_flags=0x00000042


---------------  S Y S T E M  ---------------

OS:Bsduname:Darwin 12.4.0 Darwin Kernel Version 12.4.0: Wed May  1 17:57:12 PDT 2013; root:xnu-2050.24.15~1/RELEASE_X86_64 x86_64
rlimit: STACK 8192k, CORE 0k, NPROC 709, NOFILE 10240, AS infinity
load average:1.55 1.80 1.73

CPU:total 4 (2 cores per cpu, 2 threads per core) family 6 model 58 stepping 9, cmov, cx8, fxsr, mmx, sse, sse2, sse3, ssse3, sse4.1, sse4.2, popcnt, avx, ht, tsc, tscinvbit, tscinv

Memory: 4k page, physical 4787644k(1196911k free)

/proc/meminfo:


vm_info: Java HotSpot(TM) 64-Bit Server VM (23.21-b01) for bsd-amd64 JRE (1.7.0_21-b12), built on Apr  7 2013 14:55:50 by "java_re" with gcc 4.2.1 (Based on Apple Inc. build 5658) (LLVM build 2336.11.00)

time: Mon Jul 29 20:53:19 2013
elapsed time: 133 seconds

